<?xml version="1.0" encoding="UTF-8"?>
<coverage generated="1763038116240" clover="3.2.0">
  <project timestamp="1763038116241" name="All files">
    <metrics statements="31" coveredstatements="31" conditionals="6" coveredconditionals="6" methods="7" coveredmethods="7" elements="44" coveredelements="44" complexity="0" loc="31" ncloc="31" packages="1" files="5" classes="5"/>
    <file name="exo3.js" path="/home/sammy/Bureau/Dev/Exercices/exercices-javascript/Fonctions/exo3.js">
      <metrics statements="2" coveredstatements="2" conditionals="0" coveredconditionals="0" methods="1" coveredmethods="1"/>
      <line num="2" count="2" type="stmt"/>
      <line num="5" count="1" type="stmt"/>
    </file>
    <file name="exo4.js" path="/home/sammy/Bureau/Dev/Exercices/exercices-javascript/Fonctions/exo4.js">
      <metrics statements="6" coveredstatements="6" conditionals="2" coveredconditionals="2" methods="1" coveredmethods="1"/>
      <line num="2" count="10" type="stmt"/>
      <line num="5" count="1" type="stmt"/>
      <line num="7" count="1" type="stmt"/>
      <line num="8" count="6" type="cond" truecount="2" falsecount="0"/>
      <line num="9" count="3" type="stmt"/>
      <line num="11" count="3" type="stmt"/>
    </file>
    <file name="exo6.js" path="/home/sammy/Bureau/Dev/Exercices/exercices-javascript/Fonctions/exo6.js">
      <metrics statements="8" coveredstatements="8" conditionals="0" coveredconditionals="0" methods="3" coveredmethods="3"/>
      <line num="1" count="1" type="stmt"/>
      <line num="4" count="3" type="stmt"/>
      <line num="5" count="3" type="stmt"/>
      <line num="6" count="57" type="stmt"/>
      <line num="8" count="3" type="stmt"/>
      <line num="12" count="3" type="stmt"/>
      <line num="15" count="1" type="stmt"/>
      <line num="16" count="1" type="stmt"/>
    </file>
    <file name="exo7.js" path="/home/sammy/Bureau/Dev/Exercices/exercices-javascript/Fonctions/exo7.js">
      <metrics statements="7" coveredstatements="7" conditionals="2" coveredconditionals="2" methods="1" coveredmethods="1"/>
      <line num="1" count="1" type="stmt"/>
      <line num="4" count="2" type="stmt"/>
      <line num="5" count="2" type="stmt"/>
      <line num="6" count="16" type="cond" truecount="2" falsecount="0"/>
      <line num="7" count="8" type="stmt"/>
      <line num="10" count="2" type="stmt"/>
      <line num="13" count="1" type="stmt"/>
    </file>
    <file name="exo8.js" path="/home/sammy/Bureau/Dev/Exercices/exercices-javascript/Fonctions/exo8.js">
      <metrics statements="8" coveredstatements="8" conditionals="2" coveredconditionals="2" methods="1" coveredmethods="1"/>
      <line num="1" count="1" type="stmt"/>
      <line num="4" count="5" type="stmt"/>
      <line num="5" count="15" type="cond" truecount="2" falsecount="0"/>
      <line num="6" count="3" type="stmt"/>
      <line num="9" count="2" type="stmt"/>
      <line num="12" count="1" type="stmt"/>
      <line num="13" count="1" type="stmt"/>
      <line num="14" count="1" type="stmt"/>
    </file>
  </project>
</coverage>
