TN:
SF:Fonctions/exo3.js
FN:1,addition
FNF:1
FNH:1
FNDA:2,addition
DA:2,2
DA:5,1
LF:2
LH:2
BRF:0
BRH:0
end_of_record
TN:
SF:Fonctions/exo4.js
FN:1,estPair
FNF:1
FNH:1
FNDA:10,estPair
DA:2,10
DA:5,1
DA:7,1
DA:8,6
DA:9,3
DA:11,3
LF:6
LH:6
BRDA:8,0,0,3
BRDA:8,0,1,3
BRF:2
BRH:2
end_of_record
TN:
SF:Fonctions/exo6.js
FN:3,sommeTableau
FN:11,sommeTableau2
FN:12,(anonymous_2)
FNF:3
FNH:3
FNDA:3,sommeTableau
FNDA:1,sommeTableau2
FNDA:3,(anonymous_2)
DA:1,1
DA:4,3
DA:5,3
DA:6,57
DA:8,3
DA:12,3
DA:15,1
DA:16,1
LF:8
LH:8
BRF:0
BRH:0
end_of_record
TN:
SF:Fonctions/exo7.js
FN:3,maxTableau
FNF:1
FNH:1
FNDA:2,maxTableau
DA:1,1
DA:4,2
DA:5,2
DA:6,16
DA:7,8
DA:10,2
DA:13,1
LF:7
LH:7
BRDA:6,0,0,8
BRDA:6,0,1,8
BRF:2
BRH:2
end_of_record
TN:
SF:Fonctions/exo8.js
FN:3,contientNombre
FNF:1
FNH:1
FNDA:5,contientNombre
DA:1,1
DA:4,5
DA:5,15
DA:6,3
DA:9,2
DA:12,1
DA:13,1
DA:14,1
LF:8
LH:8
BRDA:5,0,0,3
BRDA:5,0,1,12
BRF:2
BRH:2
end_of_record
